<?xml version="1.0" encoding="UTF-8"?>
<testng-results ignored="0" total="1" passed="1" failed="0" skipped="0">
  <reporter-output>
  </reporter-output>
  <suite started-at="2024-03-19T13:29:46 IST" name="Suite" finished-at="2024-03-19T13:29:49 IST" duration-ms="3415">
    <groups>
    </groups>
    <test started-at="2024-03-19T13:29:46 IST" name="Test" finished-at="2024-03-19T13:29:49 IST" duration-ms="3415">
      <class name="sampleRun.SampleAPIClass">
        <test-method signature="sample()[pri:0, instance:sampleRun.SampleAPIClass@87a85e1]" started-at="2024-03-19T13:29:46 IST" name="sample" finished-at="2024-03-19T13:29:49 IST" duration-ms="3362" status="PASS">
          <reporter-output>
          </reporter-output>
        </test-method> <!-- sample -->
      </class> <!-- sampleRun.SampleAPIClass -->
    </test> <!-- Test -->
  </suite> <!-- Suite -->
</testng-results>
