<?xml version="1.0" encoding="UTF-8"?>
<testng-results ignored="0" total="1" passed="1" failed="0" skipped="0">
  <reporter-output>
  </reporter-output>
  <suite started-at="2024-03-19T13:30:13 IST" name="Suite" finished-at="2024-03-19T13:30:16 IST" duration-ms="3342">
    <groups>
    </groups>
    <test started-at="2024-03-19T13:30:13 IST" name="Test" finished-at="2024-03-19T13:30:16 IST" duration-ms="3342">
      <class name="sampleRun.SampleAPIClass">
        <test-method signature="sample()[pri:0, instance:sampleRun.SampleAPIClass@71def8f8]" started-at="2024-03-19T13:30:13 IST" name="sample" finished-at="2024-03-19T13:30:16 IST" duration-ms="3288" status="PASS">
          <reporter-output>
          </reporter-output>
        </test-method> <!-- sample -->
      </class> <!-- sampleRun.SampleAPIClass -->
    </test> <!-- Test -->
  </suite> <!-- Suite -->
</testng-results>
